<?xml version="1.0" encoding="UTF-8"?>
<!-- Generated by org.testng.reporters.JUnitXMLReporter -->
<testsuite ignored="0" hostname="DESKTOP-7OHRNB7" failures="1" tests="2" name="Master" time="22.622" errors="0" timestamp="2024-11-29T20:37:32 IST">
  <testcase classname="testCases.TC003_LoginData" name="verify_login" time="1.943">
    <failure type="java.lang.AssertionError" message="null">
      <![CDATA[java.lang.AssertionError: null
at testCases.TC003_LoginData.verify_login(TC003_LoginData.java:59)
at java.base/java.util.ArrayList.forEach(ArrayList.java:1597)
... Removed 27 stack frames]]>
    </failure>
  </testcase> <!-- verify_login -->
  <testcase classname="testCases.TC003_LoginData" name="verify_login" time="2.558"/>
</testsuite> <!-- Master -->
